2026-02-27 21:13:51 | ERROR | Jefe Kevin | (pyodbc.OperationalError) ('08S01', '[08S01] [Microsoft][ODBC Driver 17 for SQL Server]Proveedor de memoria compartida: No hay ningún proceso en el otro extremo de la canalización.\r\n (233) (SQLExecDirectW); [08S01] [Microsoft][ODBC Driver 17 for SQL Server]Error en el vínculo de comunicación (233)')
[SQL: SELECT [Empleado].[ID_Empleado] AS [Empleado_ID_Empleado], [Empleado].[Nombre] AS [Empleado_Nombre], [Empleado].[Apellido] AS [Empleado_Apellido], [Empleado].[Username] AS [Empleado_Username], [Empleado].[Password] AS [Empleado_Password], [Empleado].[Telefono] AS [Empleado_Telefono], [Empleado].[Email] AS [Empleado_Email], [Empleado].[ID_Puesto] AS [Empleado_ID_Puesto], [Empleado].[ID_sucursal] AS [Empleado_ID_sucursal], [Empleado].estado AS [Empleado_estado] 
FROM [Empleado] 
WHERE [Empleado].[ID_Empleado] = ?]
[parameters: (23,)]
(Background on this error at: https://sqlalche.me/e/20/e3q8)
2026-02-27 21:13:51 | ERROR | Jefe Kevin | Traceback (most recent call last):
  File "C:\Users\kevin\Desktop\Clases\periodo 3 2025\ing softwarre\Proyectop\venv\Lib\site-packages\sqlalchemy\engine\base.py", line 1967, in _exec_single_context
    self.dialect.do_execute(
    ~~~~~~~~~~~~~~~~~~~~~~~^
        cursor, str_statement, effective_parameters, context
        ^^^^^^^^^^^^^^^^^^^^^^^^^^^^^^^^^^^^^^^^^^^^^^^^^^^^
    )
    ^
  File "C:\Users\kevin\Desktop\Clases\periodo 3 2025\ing softwarre\Proyectop\venv\Lib\site-packages\sqlalchemy\engine\default.py", line 951, in do_execute
    cursor.execute(statement, parameters)
    ~~~~~~~~~~~~~~^^^^^^^^^^^^^^^^^^^^^^^
pyodbc.OperationalError: ('08S01', '[08S01] [Microsoft][ODBC Driver 17 for SQL Server]Proveedor de memoria compartida: No hay ningún proceso en el otro extremo de la canalización.\r\n (233) (SQLExecDirectW); [08S01] [Microsoft][ODBC Driver 17 for SQL Server]Error en el vínculo de comunicación (233)')

The above exception was the direct cause of the following exception:

Traceback (most recent call last):
  File "C:\Users\kevin\Desktop\Clases\periodo 3 2025\ing softwarre\Proyectop\proyecto\models\admin_insumo_view.py", line 20, in is_accessible
    return current_user.is_authenticated and getattr(current_user, "tipo", None) == "empleado"
           ^^^^^^^^^^^^^^^^^^^^^^^^^^^^^
  File "C:\Users\kevin\Desktop\Clases\periodo 3 2025\ing softwarre\Proyectop\venv\Lib\site-packages\werkzeug\local.py", line 318, in __get__
    obj = instance._get_current_object()
  File "C:\Users\kevin\Desktop\Clases\periodo 3 2025\ing softwarre\Proyectop\venv\Lib\site-packages\werkzeug\local.py", line 526, in _get_current_object
    return get_name(local())
                    ~~~~~^^
  File "C:\Users\kevin\Desktop\Clases\periodo 3 2025\ing softwarre\Proyectop\venv\Lib\site-packages\flask_login\utils.py", line 25, in <lambda>
    current_user = LocalProxy(lambda: _get_user())
                                      ~~~~~~~~~^^
  File "C:\Users\kevin\Desktop\Clases\periodo 3 2025\ing softwarre\Proyectop\venv\Lib\site-packages\flask_login\utils.py", line 370, in _get_user
    current_app.login_manager._load_user()
    ~~~~~~~~~~~~~~~~~~~~~~~~~~~~~~~~~~~~^^
  File "C:\Users\kevin\Desktop\Clases\periodo 3 2025\ing softwarre\Proyectop\venv\Lib\site-packages\flask_login\login_manager.py", line 364, in _load_user
    user = self._user_callback(user_id)
  File "C:\Users\kevin\Desktop\Clases\periodo 3 2025\ing softwarre\Proyectop\proyecto\models\login_crear_usuario.py", line 71, in load_user
    empleado = Empleado.query.get(real_id)
  File "<string>", line 2, in get
  File "C:\Users\kevin\Desktop\Clases\periodo 3 2025\ing softwarre\Proyectop\venv\Lib\site-packages\sqlalchemy\util\deprecations.py", line 386, in warned
    return fn(*args, **kwargs)  # type: ignore[no-any-return]
  File "C:\Users\kevin\Desktop\Clases\periodo 3 2025\ing softwarre\Proyectop\venv\Lib\site-packages\sqlalchemy\orm\query.py", line 1126, in get
    return self._get_impl(ident, loading.load_on_pk_identity)
           ~~~~~~~~~~~~~~^^^^^^^^^^^^^^^^^^^^^^^^^^^^^^^^^^^^
  File "C:\Users\kevin\Desktop\Clases\periodo 3 2025\ing softwarre\Proyectop\venv\Lib\site-packages\sqlalchemy\orm\query.py", line 1135, in _get_impl
    return self.session._get_impl(
           ~~~~~~~~~~~~~~~~~~~~~~^
        mapper,
        ^^^^^^^
    ...<6 lines>...
        execution_options=self._execution_options,
        ^^^^^^^^^^^^^^^^^^^^^^^^^^^^^^^^^^^^^^^^^^
    )
    ^
  File "C:\Users\kevin\Desktop\Clases\periodo 3 2025\ing softwarre\Proyectop\venv\Lib\site-packages\sqlalchemy\orm\session.py", line 3859, in _get_impl
    return db_load_fn(
        self,
    ...<5 lines>...
        bind_arguments=bind_arguments,
    )
  File "C:\Users\kevin\Desktop\Clases\periodo 3 2025\ing softwarre\Proyectop\venv\Lib\site-packages\sqlalchemy\orm\loading.py", line 695, in load_on_pk_identity
    session.execute(
    ~~~~~~~~~~~~~~~^
        q,
        ^^
    ...<2 lines>...
        bind_arguments=bind_arguments,
        ^^^^^^^^^^^^^^^^^^^^^^^^^^^^^^
    )
    ^
  File "C:\Users\kevin\Desktop\Clases\periodo 3 2025\ing softwarre\Proyectop\venv\Lib\site-packages\sqlalchemy\orm\session.py", line 2351, in execute
    return self._execute_internal(
           ~~~~~~~~~~~~~~~~~~~~~~^
        statement,
        ^^^^^^^^^^
    ...<4 lines>...
        _add_event=_add_event,
        ^^^^^^^^^^^^^^^^^^^^^^
    )
    ^
  File "C:\Users\kevin\Desktop\Clases\periodo 3 2025\ing softwarre\Proyectop\venv\Lib\site-packages\sqlalchemy\orm\session.py", line 2249, in _execute_internal
    result: Result[Any] = compile_state_cls.orm_execute_statement(
                          ~~~~~~~~~~~~~~~~~~~~~~~~~~~~~~~~~~~~~~~^
        self,
        ^^^^^
    ...<4 lines>...
        conn,
        ^^^^^
    )
    ^
  File "C:\Users\kevin\Desktop\Clases\periodo 3 2025\ing softwarre\Proyectop\venv\Lib\site-packages\sqlalchemy\orm\context.py", line 306, in orm_execute_statement
    result = conn.execute(
        statement, params or {}, execution_options=execution_options
    )
  File "C:\Users\kevin\Desktop\Clases\periodo 3 2025\ing softwarre\Proyectop\venv\Lib\site-packages\sqlalchemy\engine\base.py", line 1419, in execute
    return meth(
        self,
        distilled_parameters,
        execution_options or NO_OPTIONS,
    )
  File "C:\Users\kevin\Desktop\Clases\periodo 3 2025\ing softwarre\Proyectop\venv\Lib\site-packages\sqlalchemy\sql\elements.py", line 526, in _execute_on_connection
    return connection._execute_clauseelement(
           ~~~~~~~~~~~~~~~~~~~~~~~~~~~~~~~~~^
        self, distilled_params, execution_options
        ^^^^^^^^^^^^^^^^^^^^^^^^^^^^^^^^^^^^^^^^^
    )
    ^
  File "C:\Users\kevin\Desktop\Clases\periodo 3 2025\ing softwarre\Proyectop\venv\Lib\site-packages\sqlalchemy\engine\base.py", line 1641, in _execute_clauseelement
    ret = self._execute_context(
        dialect,
    ...<8 lines>...
        cache_hit=cache_hit,
    )
  File "C:\Users\kevin\Desktop\Clases\periodo 3 2025\ing softwarre\Proyectop\venv\Lib\site-packages\sqlalchemy\engine\base.py", line 1846, in _execute_context
    return self._exec_single_context(
           ~~~~~~~~~~~~~~~~~~~~~~~~~^
        dialect, context, statement, parameters
        ^^^^^^^^^^^^^^^^^^^^^^^^^^^^^^^^^^^^^^^
    )
    ^
  File "C:\Users\kevin\Desktop\Clases\periodo 3 2025\ing softwarre\Proyectop\venv\Lib\site-packages\sqlalchemy\engine\base.py", line 1986, in _exec_single_context
    self._handle_dbapi_exception(
    ~~~~~~~~~~~~~~~~~~~~~~~~~~~~^
        e, str_statement, effective_parameters, cursor, context
        ^^^^^^^^^^^^^^^^^^^^^^^^^^^^^^^^^^^^^^^^^^^^^^^^^^^^^^^
    )
    ^
  File "C:\Users\kevin\Desktop\Clases\periodo 3 2025\ing softwarre\Proyectop\venv\Lib\site-packages\sqlalchemy\engine\base.py", line 2355, in _handle_dbapi_exception
    raise sqlalchemy_exception.with_traceback(exc_info[2]) from e
  File "C:\Users\kevin\Desktop\Clases\periodo 3 2025\ing softwarre\Proyectop\venv\Lib\site-packages\sqlalchemy\engine\base.py", line 1967, in _exec_single_context
    self.dialect.do_execute(
    ~~~~~~~~~~~~~~~~~~~~~~~^
        cursor, str_statement, effective_parameters, context
        ^^^^^^^^^^^^^^^^^^^^^^^^^^^^^^^^^^^^^^^^^^^^^^^^^^^^
    )
    ^
  File "C:\Users\kevin\Desktop\Clases\periodo 3 2025\ing softwarre\Proyectop\venv\Lib\site-packages\sqlalchemy\engine\default.py", line 951, in do_execute
    cursor.execute(statement, parameters)
    ~~~~~~~~~~~~~~^^^^^^^^^^^^^^^^^^^^^^^
sqlalchemy.exc.OperationalError: (pyodbc.OperationalError) ('08S01', '[08S01] [Microsoft][ODBC Driver 17 for SQL Server]Proveedor de memoria compartida: No hay ningún proceso en el otro extremo de la canalización.\r\n (233) (SQLExecDirectW); [08S01] [Microsoft][ODBC Driver 17 for SQL Server]Error en el vínculo de comunicación (233)')
[SQL: SELECT [Empleado].[ID_Empleado] AS [Empleado_ID_Empleado], [Empleado].[Nombre] AS [Empleado_Nombre], [Empleado].[Apellido] AS [Empleado_Apellido], [Empleado].[Username] AS [Empleado_Username], [Empleado].[Password] AS [Empleado_Password], [Empleado].[Telefono] AS [Empleado_Telefono], [Empleado].[Email] AS [Empleado_Email], [Empleado].[ID_Puesto] AS [Empleado_ID_Puesto], [Empleado].[ID_sucursal] AS [Empleado_ID_sucursal], [Empleado].estado AS [Empleado_estado] 
FROM [Empleado] 
WHERE [Empleado].[ID_Empleado] = ?]
[parameters: (23,)]
(Background on this error at: https://sqlalche.me/e/20/e3q8)

